2020-03-10 18:16:36  INFO --- [main] com.nebula.mooc.liveserver.LiveServer : Starting LiveServer on DESKTOP-TQKQGPS with PID 18976 (C:\Users\a1046\IdeaProjects\live\live-server\target\classes started by a1046 in C:\Users\a1046\IdeaProjects\live)
2020-03-10 18:16:36  INFO --- [main] com.nebula.mooc.liveserver.LiveServer : The following profiles are active: core
2020-03-10 18:16:38  INFO --- [main] com.nebula.mooc.liveserver.config.SslConfig : Set callback port: 8080
2020-03-10 18:16:38  INFO --- [main] com.nebula.mooc.liveserver.config.SslConfig : SSL support inited.
2020-03-10 18:16:38  INFO --- [main] org.springframework.boot.web.embedded.tomcat.TomcatWebServer : Tomcat initialized with port(s): 8443 (https) 8080 (http)
2020-03-10 18:16:38  INFO --- [main] org.apache.coyote.http11.Http11NioProtocol : Initializing ProtocolHandler ["https-openssl-nio-8443"]
2020-03-10 18:16:38  INFO --- [main] org.apache.coyote.http11.Http11NioProtocol : Initializing ProtocolHandler ["http-nio-8080"]
2020-03-10 18:16:38  INFO --- [main] org.apache.catalina.core.StandardService : Starting service [Tomcat]
2020-03-10 18:16:38  INFO --- [main] org.apache.catalina.core.StandardEngine : Starting Servlet engine: [Apache Tomcat/9.0.17]
2020-03-10 18:16:38  INFO --- [main] org.apache.catalina.core.AprLifecycleListener : Loaded APR based Apache Tomcat Native library [1.2.23] using APR version [1.7.0].
2020-03-10 18:16:38  INFO --- [main] org.apache.catalina.core.AprLifecycleListener : APR capabilities: IPv6 [true], sendfile [true], accept filters [false], random [true].
2020-03-10 18:16:38  INFO --- [main] org.apache.catalina.core.AprLifecycleListener : APR/OpenSSL configuration: useAprConnector [false], useOpenSSL [true]
2020-03-10 18:16:38  INFO --- [main] org.apache.catalina.core.AprLifecycleListener : OpenSSL successfully initialized [OpenSSL 1.1.1c  28 May 2019]
2020-03-10 18:16:38  INFO --- [main] org.apache.catalina.core.ContainerBase.[Tomcat].[localhost].[/] : Initializing Spring embedded WebApplicationContext
2020-03-10 18:16:38  INFO --- [main] org.springframework.web.context.ContextLoader : Root WebApplicationContext: initialization completed in 2092 ms
2020-03-10 18:16:39  INFO --- [main] com.nebula.mooc.liveserver.config.GRpcConfig : UserService - RPC inited.
2020-03-10 18:16:39  INFO --- [main] com.nebula.mooc.liveserver.config.BootstrapConfig : Bootstrap inited.
2020-03-10 18:16:40 ERROR --- [main] com.nebula.mooc.liveserver.core.Runner : Address already in use: bind
java.net.BindException: Address already in use: bind
	at java.base/sun.nio.ch.Net.bind0(Native Method)
	at java.base/sun.nio.ch.Net.bind(Net.java:455)
	at java.base/sun.nio.ch.Net.bind(Net.java:447)
	at java.base/sun.nio.ch.ServerSocketChannelImpl.bind(ServerSocketChannelImpl.java:227)
	at io.netty.channel.socket.nio.NioServerSocketChannel.doBind(NioServerSocketChannel.java:130)
	at io.netty.channel.AbstractChannel$AbstractUnsafe.bind(AbstractChannel.java:563)
	at io.netty.channel.DefaultChannelPipeline$HeadContext.bind(DefaultChannelPipeline.java:1332)
	at io.netty.channel.AbstractChannelHandlerContext.invokeBind(AbstractChannelHandlerContext.java:488)
	at io.netty.channel.AbstractChannelHandlerContext.bind(AbstractChannelHandlerContext.java:473)
	at io.netty.channel.DefaultChannelPipeline.bind(DefaultChannelPipeline.java:984)
	at io.netty.channel.AbstractChannel.bind(AbstractChannel.java:259)
	at io.netty.bootstrap.AbstractBootstrap$2.run(AbstractBootstrap.java:366)
	at io.netty.util.concurrent.AbstractEventExecutor.safeExecute(AbstractEventExecutor.java:163)
	at io.netty.util.concurrent.SingleThreadEventExecutor.runAllTasks(SingleThreadEventExecutor.java:404)
	at io.netty.channel.nio.NioEventLoop.run(NioEventLoop.java:495)
	at io.netty.util.concurrent.SingleThreadEventExecutor$5.run(SingleThreadEventExecutor.java:905)
	at io.netty.util.concurrent.FastThreadLocalRunnable.run(FastThreadLocalRunnable.java:30)
	at java.base/java.lang.Thread.run(Thread.java:834)
2020-03-10 18:16:41  INFO --- [main] org.springframework.scheduling.concurrent.ThreadPoolTaskExecutor : Initializing ExecutorService 'applicationTaskExecutor'
2020-03-10 18:16:41  INFO --- [main] org.apache.coyote.http11.Http11NioProtocol : Starting ProtocolHandler ["https-openssl-nio-8443"]
2020-03-10 18:16:41  INFO --- [main] org.apache.coyote.http11.Http11NioProtocol : Starting ProtocolHandler ["http-nio-8080"]
2020-03-10 18:16:41  INFO --- [main] org.springframework.boot.web.embedded.tomcat.TomcatWebServer : Tomcat started on port(s): 8443 (https) 8080 (http) with context path ''
2020-03-10 18:16:41  INFO --- [main] com.nebula.mooc.liveserver.LiveServer : Started LiveServer in 5.85 seconds (JVM running for 7.874)
2020-03-10 18:17:06  INFO --- [http-nio-8080-exec-1] org.apache.catalina.core.ContainerBase.[Tomcat].[localhost].[/] : Initializing Spring DispatcherServlet 'dispatcherServlet'
2020-03-10 18:17:06  INFO --- [http-nio-8080-exec-1] org.springframework.web.servlet.DispatcherServlet : Initializing Servlet 'dispatcherServlet'
2020-03-10 18:17:06  INFO --- [http-nio-8080-exec-1] org.springframework.web.servlet.DispatcherServlet : Completed initialization in 15 ms
2020-03-10 18:17:32  INFO --- [main] com.nebula.mooc.liveserver.LiveServer : Starting LiveServer on DESKTOP-TQKQGPS with PID 464 (C:\Users\a1046\IdeaProjects\live\live-server\target\classes started by a1046 in C:\Users\a1046\IdeaProjects\live)
2020-03-10 18:17:32  INFO --- [main] com.nebula.mooc.liveserver.LiveServer : The following profiles are active: core
2020-03-10 18:17:33  INFO --- [main] com.nebula.mooc.liveserver.config.SslConfig : Set callback port: 8080
2020-03-10 18:17:33  INFO --- [main] com.nebula.mooc.liveserver.config.SslConfig : SSL support inited.
2020-03-10 18:17:34  INFO --- [main] org.springframework.boot.web.embedded.tomcat.TomcatWebServer : Tomcat initialized with port(s): 8443 (https) 8080 (http)
2020-03-10 18:17:34  INFO --- [main] org.apache.coyote.http11.Http11NioProtocol : Initializing ProtocolHandler ["https-openssl-nio-8443"]
2020-03-10 18:17:34  INFO --- [main] org.apache.coyote.http11.Http11NioProtocol : Initializing ProtocolHandler ["http-nio-8080"]
2020-03-10 18:17:34  INFO --- [main] org.apache.catalina.core.StandardService : Starting service [Tomcat]
2020-03-10 18:17:34  INFO --- [main] org.apache.catalina.core.StandardEngine : Starting Servlet engine: [Apache Tomcat/9.0.17]
2020-03-10 18:17:34  INFO --- [main] org.apache.catalina.core.AprLifecycleListener : Loaded APR based Apache Tomcat Native library [1.2.23] using APR version [1.7.0].
2020-03-10 18:17:34  INFO --- [main] org.apache.catalina.core.AprLifecycleListener : APR capabilities: IPv6 [true], sendfile [true], accept filters [false], random [true].
2020-03-10 18:17:34  INFO --- [main] org.apache.catalina.core.AprLifecycleListener : APR/OpenSSL configuration: useAprConnector [false], useOpenSSL [true]
2020-03-10 18:17:34  INFO --- [main] org.apache.catalina.core.AprLifecycleListener : OpenSSL successfully initialized [OpenSSL 1.1.1c  28 May 2019]
2020-03-10 18:17:34  INFO --- [main] org.apache.catalina.core.ContainerBase.[Tomcat].[localhost].[/] : Initializing Spring embedded WebApplicationContext
2020-03-10 18:17:34  INFO --- [main] org.springframework.web.context.ContextLoader : Root WebApplicationContext: initialization completed in 1619 ms
2020-03-10 18:17:35  INFO --- [main] com.nebula.mooc.liveserver.config.GRpcConfig : UserService - RPC inited.
2020-03-10 18:17:35  INFO --- [main] com.nebula.mooc.liveserver.config.BootstrapConfig : Bootstrap inited.
2020-03-10 18:17:36 ERROR --- [main] com.nebula.mooc.liveserver.core.Runner : Address already in use: bind
java.net.BindException: Address already in use: bind
	at java.base/sun.nio.ch.Net.bind0(Native Method)
	at java.base/sun.nio.ch.Net.bind(Net.java:455)
	at java.base/sun.nio.ch.Net.bind(Net.java:447)
	at java.base/sun.nio.ch.ServerSocketChannelImpl.bind(ServerSocketChannelImpl.java:227)
	at io.netty.channel.socket.nio.NioServerSocketChannel.doBind(NioServerSocketChannel.java:130)
	at io.netty.channel.AbstractChannel$AbstractUnsafe.bind(AbstractChannel.java:563)
	at io.netty.channel.DefaultChannelPipeline$HeadContext.bind(DefaultChannelPipeline.java:1332)
	at io.netty.channel.AbstractChannelHandlerContext.invokeBind(AbstractChannelHandlerContext.java:488)
	at io.netty.channel.AbstractChannelHandlerContext.bind(AbstractChannelHandlerContext.java:473)
	at io.netty.channel.DefaultChannelPipeline.bind(DefaultChannelPipeline.java:984)
	at io.netty.channel.AbstractChannel.bind(AbstractChannel.java:259)
	at io.netty.bootstrap.AbstractBootstrap$2.run(AbstractBootstrap.java:366)
	at io.netty.util.concurrent.AbstractEventExecutor.safeExecute(AbstractEventExecutor.java:163)
	at io.netty.util.concurrent.SingleThreadEventExecutor.runAllTasks(SingleThreadEventExecutor.java:404)
	at io.netty.channel.nio.NioEventLoop.run(NioEventLoop.java:495)
	at io.netty.util.concurrent.SingleThreadEventExecutor$5.run(SingleThreadEventExecutor.java:905)
	at io.netty.util.concurrent.FastThreadLocalRunnable.run(FastThreadLocalRunnable.java:30)
	at java.base/java.lang.Thread.run(Thread.java:834)
2020-03-10 18:17:36  INFO --- [main] org.springframework.scheduling.concurrent.ThreadPoolTaskExecutor : Initializing ExecutorService 'applicationTaskExecutor'
2020-03-10 18:17:36  INFO --- [main] org.apache.coyote.http11.Http11NioProtocol : Starting ProtocolHandler ["https-openssl-nio-8443"]
2020-03-10 18:17:37  INFO --- [main] org.apache.coyote.http11.Http11NioProtocol : Starting ProtocolHandler ["http-nio-8080"]
2020-03-10 18:17:37  INFO --- [main] org.springframework.boot.web.embedded.tomcat.TomcatWebServer : Tomcat started on port(s): 8443 (https) 8080 (http) with context path ''
2020-03-10 18:17:37  INFO --- [main] com.nebula.mooc.liveserver.LiveServer : Started LiveServer in 5.02 seconds (JVM running for 6.875)
2020-03-10 18:24:07  INFO --- [main] com.nebula.mooc.liveserver.LiveServer : Starting LiveServer on DESKTOP-TQKQGPS with PID 10412 (C:\Users\a1046\IdeaProjects\live\live-server\target\classes started by a1046 in C:\Users\a1046\IdeaProjects\live)
2020-03-10 18:24:07  INFO --- [main] com.nebula.mooc.liveserver.LiveServer : The following profiles are active: core
2020-03-10 18:24:08  INFO --- [main] com.nebula.mooc.liveserver.config.SslConfig : Set callback port: 8080
2020-03-10 18:24:08  INFO --- [main] com.nebula.mooc.liveserver.config.SslConfig : SSL support inited.
2020-03-10 18:24:08  INFO --- [main] org.springframework.boot.web.embedded.tomcat.TomcatWebServer : Tomcat initialized with port(s): 8443 (https) 8080 (http)
2020-03-10 18:24:08  INFO --- [main] org.apache.coyote.http11.Http11NioProtocol : Initializing ProtocolHandler ["https-openssl-nio-8443"]
2020-03-10 18:24:08  INFO --- [main] org.apache.coyote.http11.Http11NioProtocol : Initializing ProtocolHandler ["http-nio-8080"]
2020-03-10 18:24:08  INFO --- [main] org.apache.catalina.core.StandardService : Starting service [Tomcat]
2020-03-10 18:24:08  INFO --- [main] org.apache.catalina.core.StandardEngine : Starting Servlet engine: [Apache Tomcat/9.0.17]
2020-03-10 18:24:08  INFO --- [main] org.apache.catalina.core.AprLifecycleListener : Loaded APR based Apache Tomcat Native library [1.2.23] using APR version [1.7.0].
2020-03-10 18:24:08  INFO --- [main] org.apache.catalina.core.AprLifecycleListener : APR capabilities: IPv6 [true], sendfile [true], accept filters [false], random [true].
2020-03-10 18:24:08  INFO --- [main] org.apache.catalina.core.AprLifecycleListener : APR/OpenSSL configuration: useAprConnector [false], useOpenSSL [true]
2020-03-10 18:24:08  INFO --- [main] org.apache.catalina.core.AprLifecycleListener : OpenSSL successfully initialized [OpenSSL 1.1.1c  28 May 2019]
2020-03-10 18:24:08  INFO --- [main] org.apache.catalina.core.ContainerBase.[Tomcat].[localhost].[/] : Initializing Spring embedded WebApplicationContext
2020-03-10 18:24:08  INFO --- [main] org.springframework.web.context.ContextLoader : Root WebApplicationContext: initialization completed in 1598 ms
2020-03-10 18:24:09  INFO --- [main] com.nebula.mooc.liveserver.config.GRpcConfig : UserService - RPC inited.
2020-03-10 18:24:09  INFO --- [main] com.nebula.mooc.liveserver.config.BootstrapConfig : Bootstrap inited.
2020-03-10 18:24:10  INFO --- [main] com.nebula.mooc.liveserver.core.Runner : Chat-Server start, listening on 9080
2020-03-10 18:24:10  INFO --- [main] org.springframework.scheduling.concurrent.ThreadPoolTaskExecutor : Initializing ExecutorService 'applicationTaskExecutor'
2020-03-10 18:24:11  INFO --- [main] org.apache.coyote.http11.Http11NioProtocol : Starting ProtocolHandler ["https-openssl-nio-8443"]
2020-03-10 18:24:11  INFO --- [main] org.apache.coyote.http11.Http11NioProtocol : Starting ProtocolHandler ["http-nio-8080"]
2020-03-10 18:24:11  INFO --- [main] org.springframework.boot.web.embedded.tomcat.TomcatWebServer : Tomcat started on port(s): 8443 (https) 8080 (http) with context path ''
2020-03-10 18:24:11  INFO --- [main] com.nebula.mooc.liveserver.LiveServer : Started LiveServer in 4.84 seconds (JVM running for 6.431)
2020-03-10 18:25:50  INFO --- [http-nio-8080-exec-1] org.apache.catalina.core.ContainerBase.[Tomcat].[localhost].[/] : Initializing Spring DispatcherServlet 'dispatcherServlet'
2020-03-10 18:25:50  INFO --- [http-nio-8080-exec-1] org.springframework.web.servlet.DispatcherServlet : Initializing Servlet 'dispatcherServlet'
2020-03-10 18:25:50  INFO --- [http-nio-8080-exec-1] org.springframework.web.servlet.DispatcherServlet : Completed initialization in 12 ms
