2020-03-20 14:10:10  INFO --- [main] com.nebula.mooc.webserver.WebServer : Starting WebServer on DESKTOP-TQKQGPS with PID 12696 (C:\Users\a1046\IdeaProjects\live\web-server\target\classes started by a1046 in C:\Users\a1046\IdeaProjects\live)
2020-03-20 14:10:10  INFO --- [main] com.nebula.mooc.webserver.WebServer : The following profiles are active: core
2020-03-20 14:10:11  INFO --- [main] org.springframework.data.repository.config.RepositoryConfigurationDelegate : Multiple Spring Data modules found, entering strict repository configuration mode!
2020-03-20 14:10:11  INFO --- [main] org.springframework.data.repository.config.RepositoryConfigurationDelegate : Bootstrapping Spring Data repositories in DEFAULT mode.
2020-03-20 14:10:11  INFO --- [main] org.springframework.data.repository.config.RepositoryConfigurationDelegate : Finished Spring Data repository scanning in 29ms. Found 0 repository interfaces.
2020-03-20 14:10:11  INFO --- [main] org.springframework.context.support.PostProcessorRegistrationDelegate$BeanPostProcessorChecker : Bean 'org.springframework.transaction.annotation.ProxyTransactionManagementConfiguration' of type [org.springframework.transaction.annotation.ProxyTransactionManagementConfiguration$$EnhancerBySpringCGLIB$$50ca07ff] is not eligible for getting processed by all BeanPostProcessors (for example: not eligible for auto-proxying)
2020-03-20 14:10:11  INFO --- [main] org.springframework.context.support.PostProcessorRegistrationDelegate$BeanPostProcessorChecker : Bean 'cacheConfig' of type [com.nebula.mooc.webserver.config.CacheConfig$$EnhancerBySpringCGLIB$$2eb97e29] is not eligible for getting processed by all BeanPostProcessors (for example: not eligible for auto-proxying)
2020-03-20 14:10:12  INFO --- [main] org.springframework.boot.web.embedded.tomcat.TomcatWebServer : Tomcat initialized with port(s): 80 (http)
2020-03-20 14:10:12  INFO --- [main] org.apache.coyote.http11.Http11NioProtocol : Initializing ProtocolHandler ["http-nio-80"]
2020-03-20 14:10:12  INFO --- [main] org.apache.catalina.core.StandardService : Starting service [Tomcat]
2020-03-20 14:10:12  INFO --- [main] org.apache.catalina.core.StandardEngine : Starting Servlet engine: [Apache Tomcat/9.0.17]
2020-03-20 14:10:12  INFO --- [main] org.apache.catalina.core.AprLifecycleListener : Loaded APR based Apache Tomcat Native library [1.2.23] using APR version [1.7.0].
2020-03-20 14:10:12  INFO --- [main] org.apache.catalina.core.AprLifecycleListener : APR capabilities: IPv6 [true], sendfile [true], accept filters [false], random [true].
2020-03-20 14:10:12  INFO --- [main] org.apache.catalina.core.AprLifecycleListener : APR/OpenSSL configuration: useAprConnector [false], useOpenSSL [true]
2020-03-20 14:10:12  INFO --- [main] org.apache.catalina.core.AprLifecycleListener : OpenSSL successfully initialized [OpenSSL 1.1.1c  28 May 2019]
2020-03-20 14:10:12  INFO --- [main] org.apache.catalina.core.ContainerBase.[Tomcat].[localhost].[/] : Initializing Spring embedded WebApplicationContext
2020-03-20 14:10:12  INFO --- [main] org.springframework.web.context.ContextLoader : Root WebApplicationContext: initialization completed in 2192 ms
2020-03-20 14:10:12  INFO --- [main] com.nebula.mooc.webserver.config.GRpcConfig : UserService - RPC inited.
2020-03-20 14:10:13  INFO --- [main] com.nebula.mooc.webserver.config.FastDFSConfig : FastDFS - TrackerClient inited
2020-03-20 14:10:13  INFO --- [main] org.springframework.scheduling.concurrent.ThreadPoolTaskExecutor : Initializing ExecutorService 'executor'
2020-03-20 14:10:13  INFO --- [main] com.nebula.mooc.webserver.config.BasicConfig : Add view resolver: html
2020-03-20 14:10:13  INFO --- [main] com.nebula.mooc.webserver.config.BasicConfig : Add login interceptor: /api/**
2020-03-20 14:10:13  INFO --- [main] com.nebula.mooc.webserver.config.BasicConfig : Add xss interceptor: /**
2020-03-20 14:10:13  INFO --- [main] com.nebula.mooc.webserver.config.BasicConfig : Add welcome page: index.html
2020-03-20 14:10:13  INFO --- [main] com.nebula.mooc.webserver.config.BasicConfig : Add resource handler: /** -> /static/**
2020-03-20 14:10:14  INFO --- [main] org.apache.coyote.http11.Http11NioProtocol : Starting ProtocolHandler ["http-nio-80"]
2020-03-20 14:10:14  INFO --- [main] org.springframework.boot.web.embedded.tomcat.TomcatWebServer : Tomcat started on port(s): 80 (http) with context path ''
2020-03-20 14:10:14  INFO --- [main] com.nebula.mooc.webserver.WebServer : Started WebServer in 4.634 seconds (JVM running for 6.735)
2020-03-20 14:10:41  INFO --- [http-nio-80-exec-3] org.apache.catalina.core.ContainerBase.[Tomcat].[localhost].[/] : Initializing Spring DispatcherServlet 'dispatcherServlet'
2020-03-20 14:10:41  INFO --- [http-nio-80-exec-3] org.springframework.web.servlet.DispatcherServlet : Initializing Servlet 'dispatcherServlet'
2020-03-20 14:10:41  INFO --- [http-nio-80-exec-3] org.springframework.web.servlet.DispatcherServlet : Completed initialization in 15 ms
2020-03-20 14:10:41  INFO --- [http-nio-80-exec-3] io.lettuce.core.EpollProvider : Starting without optional epoll library
2020-03-20 14:10:41  INFO --- [http-nio-80-exec-3] io.lettuce.core.KqueueProvider : Starting without optional kqueue library
2020-03-20 14:10:42  INFO --- [http-nio-80-exec-6] com.nebula.mooc.webserver.config.ControllerLog : Path: /error, Method: GET, Cost: 8ms, Address: 0:0:0:0:0:0:0:1:9856
2020-03-20 14:10:45 ERROR --- [http-nio-80-exec-3] org.apache.catalina.core.ContainerBase.[Tomcat].[localhost].[/].[dispatcherServlet] : Servlet.service() for servlet [dispatcherServlet] in context with path [] threw exception [Request processing failed; nested exception is org.springframework.data.redis.connection.PoolException: Could not get a resource from the pool; nested exception is io.lettuce.core.RedisConnectionException: Unable to connect to 127.0.0.1:6379] with root cause
java.net.ConnectException: Connection refused: no further information
	at java.base/sun.nio.ch.SocketChannelImpl.checkConnect(Native Method)
	at java.base/sun.nio.ch.SocketChannelImpl.finishConnect(SocketChannelImpl.java:779)
	at io.netty.channel.socket.nio.NioSocketChannel.doFinishConnect(NioSocketChannel.java:327)
	at io.netty.channel.nio.AbstractNioChannel$AbstractNioUnsafe.finishConnect(AbstractNioChannel.java:340)
	at io.netty.channel.nio.NioEventLoop.processSelectedKey(NioEventLoop.java:665)
	at io.netty.channel.nio.NioEventLoop.processSelectedKeysOptimized(NioEventLoop.java:612)
	at io.netty.channel.nio.NioEventLoop.processSelectedKeys(NioEventLoop.java:529)
	at io.netty.channel.nio.NioEventLoop.run(NioEventLoop.java:491)
	at io.netty.util.concurrent.SingleThreadEventExecutor$5.run(SingleThreadEventExecutor.java:905)
	at io.netty.util.concurrent.FastThreadLocalRunnable.run(FastThreadLocalRunnable.java:30)
	at java.base/java.lang.Thread.run(Thread.java:834)
2020-03-20 14:10:45  INFO --- [http-nio-80-exec-3] com.nebula.mooc.webserver.config.ControllerLog : Path: /error, Method: GET, Cost: 0ms, Address: 0:0:0:0:0:0:0:1:9858
2020-03-20 14:10:47 ERROR --- [http-nio-80-exec-8] org.apache.catalina.core.ContainerBase.[Tomcat].[localhost].[/].[dispatcherServlet] : Servlet.service() for servlet [dispatcherServlet] in context with path [] threw exception [Request processing failed; nested exception is org.springframework.data.redis.connection.PoolException: Could not get a resource from the pool; nested exception is io.lettuce.core.RedisConnectionException: Unable to connect to 127.0.0.1:6379] with root cause
java.net.ConnectException: Connection refused: no further information
	at java.base/sun.nio.ch.SocketChannelImpl.checkConnect(Native Method)
	at java.base/sun.nio.ch.SocketChannelImpl.finishConnect(SocketChannelImpl.java:779)
	at io.netty.channel.socket.nio.NioSocketChannel.doFinishConnect(NioSocketChannel.java:327)
	at io.netty.channel.nio.AbstractNioChannel$AbstractNioUnsafe.finishConnect(AbstractNioChannel.java:340)
	at io.netty.channel.nio.NioEventLoop.processSelectedKey(NioEventLoop.java:665)
	at io.netty.channel.nio.NioEventLoop.processSelectedKeysOptimized(NioEventLoop.java:612)
	at io.netty.channel.nio.NioEventLoop.processSelectedKeys(NioEventLoop.java:529)
	at io.netty.channel.nio.NioEventLoop.run(NioEventLoop.java:491)
	at io.netty.util.concurrent.SingleThreadEventExecutor$5.run(SingleThreadEventExecutor.java:905)
	at io.netty.util.concurrent.FastThreadLocalRunnable.run(FastThreadLocalRunnable.java:30)
	at java.base/java.lang.Thread.run(Thread.java:834)
2020-03-20 14:10:47  INFO --- [http-nio-80-exec-8] com.nebula.mooc.webserver.config.ControllerLog : Path: /error, Method: GET, Cost: 0ms, Address: 0:0:0:0:0:0:0:1:9854
2020-03-20 14:10:49 ERROR --- [http-nio-80-exec-7] org.apache.catalina.core.ContainerBase.[Tomcat].[localhost].[/].[dispatcherServlet] : Servlet.service() for servlet [dispatcherServlet] in context with path [] threw exception [Request processing failed; nested exception is org.springframework.data.redis.connection.PoolException: Could not get a resource from the pool; nested exception is io.lettuce.core.RedisConnectionException: Unable to connect to 127.0.0.1:6379] with root cause
java.net.ConnectException: Connection refused: no further information
	at java.base/sun.nio.ch.SocketChannelImpl.checkConnect(Native Method)
	at java.base/sun.nio.ch.SocketChannelImpl.finishConnect(SocketChannelImpl.java:779)
	at io.netty.channel.socket.nio.NioSocketChannel.doFinishConnect(NioSocketChannel.java:327)
	at io.netty.channel.nio.AbstractNioChannel$AbstractNioUnsafe.finishConnect(AbstractNioChannel.java:340)
	at io.netty.channel.nio.NioEventLoop.processSelectedKey(NioEventLoop.java:665)
	at io.netty.channel.nio.NioEventLoop.processSelectedKeysOptimized(NioEventLoop.java:612)
	at io.netty.channel.nio.NioEventLoop.processSelectedKeys(NioEventLoop.java:529)
	at io.netty.channel.nio.NioEventLoop.run(NioEventLoop.java:491)
	at io.netty.util.concurrent.SingleThreadEventExecutor$5.run(SingleThreadEventExecutor.java:905)
	at io.netty.util.concurrent.FastThreadLocalRunnable.run(FastThreadLocalRunnable.java:30)
	at java.base/java.lang.Thread.run(Thread.java:834)
2020-03-20 14:10:49  INFO --- [http-nio-80-exec-7] com.nebula.mooc.webserver.config.ControllerLog : Path: /error, Method: GET, Cost: 0ms, Address: 0:0:0:0:0:0:0:1:9856
2020-03-20 14:10:51 ERROR --- [http-nio-80-exec-4] org.apache.catalina.core.ContainerBase.[Tomcat].[localhost].[/].[dispatcherServlet] : Servlet.service() for servlet [dispatcherServlet] in context with path [] threw exception [Request processing failed; nested exception is org.springframework.data.redis.connection.PoolException: Could not get a resource from the pool; nested exception is io.lettuce.core.RedisConnectionException: Unable to connect to 127.0.0.1:6379] with root cause
java.net.ConnectException: Connection refused: no further information
	at java.base/sun.nio.ch.SocketChannelImpl.checkConnect(Native Method)
	at java.base/sun.nio.ch.SocketChannelImpl.finishConnect(SocketChannelImpl.java:779)
	at io.netty.channel.socket.nio.NioSocketChannel.doFinishConnect(NioSocketChannel.java:327)
	at io.netty.channel.nio.AbstractNioChannel$AbstractNioUnsafe.finishConnect(AbstractNioChannel.java:340)
	at io.netty.channel.nio.NioEventLoop.processSelectedKey(NioEventLoop.java:665)
	at io.netty.channel.nio.NioEventLoop.processSelectedKeysOptimized(NioEventLoop.java:612)
	at io.netty.channel.nio.NioEventLoop.processSelectedKeys(NioEventLoop.java:529)
	at io.netty.channel.nio.NioEventLoop.run(NioEventLoop.java:491)
	at io.netty.util.concurrent.SingleThreadEventExecutor$5.run(SingleThreadEventExecutor.java:905)
	at io.netty.util.concurrent.FastThreadLocalRunnable.run(FastThreadLocalRunnable.java:30)
	at java.base/java.lang.Thread.run(Thread.java:834)
2020-03-20 14:10:51  INFO --- [http-nio-80-exec-4] com.nebula.mooc.webserver.config.ControllerLog : Path: /error, Method: GET, Cost: 0ms, Address: 0:0:0:0:0:0:0:1:9853
2020-03-20 15:22:01  INFO --- [http-nio-80-exec-6] com.nebula.mooc.webserver.config.ControllerLog : Path: /error, Method: POST, Cost: 1ms, Address: 0:0:0:0:0:0:0:1:12223
2020-03-20 15:22:04  WARN --- [http-nio-80-exec-6] org.apache.catalina.util.SessionIdGeneratorBase : Creation of SecureRandom instance for session ID generation using [SHA1PRNG] took [762] milliseconds.
2020-03-20 15:22:05  INFO --- [http-nio-80-exec-6] com.nebula.mooc.webserver.config.ServiceLog : Service: CodeServiceImpl -> sendImgCode, Cost: 868ms
2020-03-20 15:22:05  INFO --- [http-nio-80-exec-6] com.nebula.mooc.webserver.config.ControllerLog : Path: /sys/code/getImgCode, Method: GET, Cost: 873ms, Address: 0:0:0:0:0:0:0:1:12228
2020-03-20 15:22:13  INFO --- [http-nio-80-exec-4] com.nebula.mooc.webserver.config.ControllerLog : Path: /error, Method: GET, Cost: 0ms, Address: 0:0:0:0:0:0:0:1:12228
2020-03-20 15:22:14  INFO --- [http-nio-80-exec-2] com.nebula.mooc.webserver.config.ControllerLog : Path: /error, Method: POST, Cost: 0ms, Address: 0:0:0:0:0:0:0:1:12227
2020-03-20 15:22:15 ERROR --- [http-nio-80-exec-10] org.apache.catalina.core.ContainerBase.[Tomcat].[localhost].[/].[dispatcherServlet] : Servlet.service() for servlet [dispatcherServlet] in context with path [] threw exception [Request processing failed; nested exception is org.springframework.data.redis.connection.PoolException: Could not get a resource from the pool; nested exception is io.lettuce.core.RedisConnectionException: Unable to connect to 127.0.0.1:6379] with root cause
java.net.ConnectException: Connection refused: no further information
	at java.base/sun.nio.ch.SocketChannelImpl.checkConnect(Native Method)
	at java.base/sun.nio.ch.SocketChannelImpl.finishConnect(SocketChannelImpl.java:779)
	at io.netty.channel.socket.nio.NioSocketChannel.doFinishConnect(NioSocketChannel.java:327)
	at io.netty.channel.nio.AbstractNioChannel$AbstractNioUnsafe.finishConnect(AbstractNioChannel.java:340)
	at io.netty.channel.nio.NioEventLoop.processSelectedKey(NioEventLoop.java:665)
	at io.netty.channel.nio.NioEventLoop.processSelectedKeysOptimized(NioEventLoop.java:612)
	at io.netty.channel.nio.NioEventLoop.processSelectedKeys(NioEventLoop.java:529)
	at io.netty.channel.nio.NioEventLoop.run(NioEventLoop.java:491)
	at io.netty.util.concurrent.SingleThreadEventExecutor$5.run(SingleThreadEventExecutor.java:905)
	at io.netty.util.concurrent.FastThreadLocalRunnable.run(FastThreadLocalRunnable.java:30)
	at java.base/java.lang.Thread.run(Thread.java:834)
2020-03-20 15:22:15  INFO --- [http-nio-80-exec-10] com.nebula.mooc.webserver.config.ControllerLog : Path: /error, Method: GET, Cost: 1ms, Address: 0:0:0:0:0:0:0:1:12228
2020-03-20 15:22:16  INFO --- [http-nio-80-exec-9] com.nebula.mooc.webserver.config.ServiceLog : Service: CodeServiceImpl -> sendImgCode, Cost: 22ms
2020-03-20 15:22:16  INFO --- [http-nio-80-exec-9] com.nebula.mooc.webserver.config.ControllerLog : Path: /sys/code/getImgCode, Method: GET, Cost: 23ms, Address: 0:0:0:0:0:0:0:1:12227
2020-03-20 15:22:17 ERROR --- [http-nio-80-exec-7] org.apache.catalina.core.ContainerBase.[Tomcat].[localhost].[/].[dispatcherServlet] : Servlet.service() for servlet [dispatcherServlet] in context with path [] threw exception [Request processing failed; nested exception is org.springframework.data.redis.connection.PoolException: Could not get a resource from the pool; nested exception is io.lettuce.core.RedisConnectionException: Unable to connect to 127.0.0.1:6379] with root cause
java.net.ConnectException: Connection refused: no further information
	at java.base/sun.nio.ch.SocketChannelImpl.checkConnect(Native Method)
	at java.base/sun.nio.ch.SocketChannelImpl.finishConnect(SocketChannelImpl.java:779)
	at io.netty.channel.socket.nio.NioSocketChannel.doFinishConnect(NioSocketChannel.java:327)
	at io.netty.channel.nio.AbstractNioChannel$AbstractNioUnsafe.finishConnect(AbstractNioChannel.java:340)
	at io.netty.channel.nio.NioEventLoop.processSelectedKey(NioEventLoop.java:665)
	at io.netty.channel.nio.NioEventLoop.processSelectedKeysOptimized(NioEventLoop.java:612)
	at io.netty.channel.nio.NioEventLoop.processSelectedKeys(NioEventLoop.java:529)
	at io.netty.channel.nio.NioEventLoop.run(NioEventLoop.java:491)
	at io.netty.util.concurrent.SingleThreadEventExecutor$5.run(SingleThreadEventExecutor.java:905)
	at io.netty.util.concurrent.FastThreadLocalRunnable.run(FastThreadLocalRunnable.java:30)
	at java.base/java.lang.Thread.run(Thread.java:834)
2020-03-20 15:22:17  INFO --- [http-nio-80-exec-7] com.nebula.mooc.webserver.config.ControllerLog : Path: /error, Method: GET, Cost: 0ms, Address: 0:0:0:0:0:0:0:1:12223
2020-03-20 17:33:00  INFO --- [http-nio-80-exec-9] com.nebula.mooc.webserver.config.ControllerLog : Path: /error, Method: POST, Cost: 1ms, Address: 0:0:0:0:0:0:0:1:20857
2020-03-20 17:33:01 ERROR --- [http-nio-80-exec-2] org.apache.catalina.core.ContainerBase.[Tomcat].[localhost].[/].[dispatcherServlet] : Servlet.service() for servlet [dispatcherServlet] in context with path [] threw exception [Request processing failed; nested exception is org.springframework.data.redis.connection.PoolException: Could not get a resource from the pool; nested exception is io.lettuce.core.RedisConnectionException: Unable to connect to 127.0.0.1:6379] with root cause
java.net.ConnectException: Connection refused: no further information
	at java.base/sun.nio.ch.SocketChannelImpl.checkConnect(Native Method)
	at java.base/sun.nio.ch.SocketChannelImpl.finishConnect(SocketChannelImpl.java:779)
	at io.netty.channel.socket.nio.NioSocketChannel.doFinishConnect(NioSocketChannel.java:327)
	at io.netty.channel.nio.AbstractNioChannel$AbstractNioUnsafe.finishConnect(AbstractNioChannel.java:340)
	at io.netty.channel.nio.NioEventLoop.processSelectedKey(NioEventLoop.java:665)
	at io.netty.channel.nio.NioEventLoop.processSelectedKeysOptimized(NioEventLoop.java:612)
	at io.netty.channel.nio.NioEventLoop.processSelectedKeys(NioEventLoop.java:529)
	at io.netty.channel.nio.NioEventLoop.run(NioEventLoop.java:491)
	at io.netty.util.concurrent.SingleThreadEventExecutor$5.run(SingleThreadEventExecutor.java:905)
	at io.netty.util.concurrent.FastThreadLocalRunnable.run(FastThreadLocalRunnable.java:30)
	at java.base/java.lang.Thread.run(Thread.java:834)
2020-03-20 17:33:01  INFO --- [http-nio-80-exec-2] com.nebula.mooc.webserver.config.ControllerLog : Path: /error, Method: GET, Cost: 0ms, Address: 0:0:0:0:0:0:0:1:20851
2020-03-20 17:33:02  INFO --- [http-nio-80-exec-7] com.nebula.mooc.webserver.config.ServiceLog : Service: CodeServiceImpl -> sendImgCode, Cost: 33ms
2020-03-20 17:33:02  INFO --- [http-nio-80-exec-7] com.nebula.mooc.webserver.config.ControllerLog : Path: /sys/code/getImgCode, Method: GET, Cost: 34ms, Address: 0:0:0:0:0:0:0:1:20857
2020-03-20 17:33:03 ERROR --- [http-nio-80-exec-8] org.apache.catalina.core.ContainerBase.[Tomcat].[localhost].[/].[dispatcherServlet] : Servlet.service() for servlet [dispatcherServlet] in context with path [] threw exception [Request processing failed; nested exception is org.springframework.data.redis.connection.PoolException: Could not get a resource from the pool; nested exception is io.lettuce.core.RedisConnectionException: Unable to connect to 127.0.0.1:6379] with root cause
java.net.ConnectException: Connection refused: no further information
	at java.base/sun.nio.ch.SocketChannelImpl.checkConnect(Native Method)
	at java.base/sun.nio.ch.SocketChannelImpl.finishConnect(SocketChannelImpl.java:779)
	at io.netty.channel.socket.nio.NioSocketChannel.doFinishConnect(NioSocketChannel.java:327)
	at io.netty.channel.nio.AbstractNioChannel$AbstractNioUnsafe.finishConnect(AbstractNioChannel.java:340)
	at io.netty.channel.nio.NioEventLoop.processSelectedKey(NioEventLoop.java:665)
	at io.netty.channel.nio.NioEventLoop.processSelectedKeysOptimized(NioEventLoop.java:612)
	at io.netty.channel.nio.NioEventLoop.processSelectedKeys(NioEventLoop.java:529)
	at io.netty.channel.nio.NioEventLoop.run(NioEventLoop.java:491)
	at io.netty.util.concurrent.SingleThreadEventExecutor$5.run(SingleThreadEventExecutor.java:905)
	at io.netty.util.concurrent.FastThreadLocalRunnable.run(FastThreadLocalRunnable.java:30)
	at java.base/java.lang.Thread.run(Thread.java:834)
2020-03-20 17:33:03  INFO --- [http-nio-80-exec-8] com.nebula.mooc.webserver.config.ControllerLog : Path: /error, Method: GET, Cost: 0ms, Address: 0:0:0:0:0:0:0:1:20850
2020-03-20 18:02:06  INFO --- [http-nio-80-exec-6] com.nebula.mooc.webserver.config.ServiceLog : Service: CodeServiceImpl -> sendImgCode, Cost: 24ms
2020-03-20 18:02:06  INFO --- [http-nio-80-exec-6] com.nebula.mooc.webserver.config.ControllerLog : Path: /sys/code/getImgCode, Method: GET, Cost: 26ms, Address: 0:0:0:0:0:0:0:1:21834
2020-03-20 18:02:06  INFO --- [http-nio-80-exec-3] com.nebula.mooc.webserver.config.ServiceLog : Service: CodeServiceImpl -> sendImgCode, Cost: 14ms
2020-03-20 18:02:06  INFO --- [http-nio-80-exec-3] com.nebula.mooc.webserver.config.ControllerLog : Path: /sys/code/getImgCode, Method: GET, Cost: 14ms, Address: 0:0:0:0:0:0:0:1:21834
2020-03-20 18:02:07  INFO --- [http-nio-80-exec-4] com.nebula.mooc.webserver.config.ServiceLog : Service: CodeServiceImpl -> sendImgCode, Cost: 9ms
2020-03-20 18:02:07  INFO --- [http-nio-80-exec-4] com.nebula.mooc.webserver.config.ControllerLog : Path: /sys/code/getImgCode, Method: GET, Cost: 9ms, Address: 0:0:0:0:0:0:0:1:21834
2020-03-20 18:02:07  INFO --- [http-nio-80-exec-10] com.nebula.mooc.webserver.config.ServiceLog : Service: CodeServiceImpl -> sendImgCode, Cost: 13ms
2020-03-20 18:02:07  INFO --- [http-nio-80-exec-10] com.nebula.mooc.webserver.config.ControllerLog : Path: /sys/code/getImgCode, Method: GET, Cost: 13ms, Address: 0:0:0:0:0:0:0:1:21834
2020-03-20 18:02:07  INFO --- [http-nio-80-exec-9] com.nebula.mooc.webserver.config.ServiceLog : Service: CodeServiceImpl -> sendImgCode, Cost: 6ms
2020-03-20 18:02:07  INFO --- [http-nio-80-exec-9] com.nebula.mooc.webserver.config.ControllerLog : Path: /sys/code/getImgCode, Method: GET, Cost: 6ms, Address: 0:0:0:0:0:0:0:1:21834
2020-03-20 18:02:07  INFO --- [http-nio-80-exec-2] com.nebula.mooc.webserver.config.ServiceLog : Service: CodeServiceImpl -> sendImgCode, Cost: 5ms
2020-03-20 18:02:07  INFO --- [http-nio-80-exec-2] com.nebula.mooc.webserver.config.ControllerLog : Path: /sys/code/getImgCode, Method: GET, Cost: 6ms, Address: 0:0:0:0:0:0:0:1:21834
2020-03-20 18:02:08  INFO --- [http-nio-80-exec-7] com.nebula.mooc.webserver.config.ServiceLog : Service: CodeServiceImpl -> sendImgCode, Cost: 7ms
2020-03-20 18:02:08  INFO --- [http-nio-80-exec-7] com.nebula.mooc.webserver.config.ControllerLog : Path: /sys/code/getImgCode, Method: GET, Cost: 7ms, Address: 0:0:0:0:0:0:0:1:21834
2020-03-20 18:02:08  INFO --- [http-nio-80-exec-8] com.nebula.mooc.webserver.config.ServiceLog : Service: CodeServiceImpl -> sendImgCode, Cost: 7ms
2020-03-20 18:02:08  INFO --- [http-nio-80-exec-8] com.nebula.mooc.webserver.config.ControllerLog : Path: /sys/code/getImgCode, Method: GET, Cost: 8ms, Address: 0:0:0:0:0:0:0:1:21834
2020-03-20 18:02:08  INFO --- [http-nio-80-exec-5] com.nebula.mooc.webserver.config.ServiceLog : Service: CodeServiceImpl -> sendImgCode, Cost: 5ms
2020-03-20 18:02:08  INFO --- [http-nio-80-exec-5] com.nebula.mooc.webserver.config.ControllerLog : Path: /sys/code/getImgCode, Method: GET, Cost: 5ms, Address: 0:0:0:0:0:0:0:1:21834
2020-03-20 18:02:08  INFO --- [http-nio-80-exec-1] com.nebula.mooc.webserver.config.ServiceLog : Service: CodeServiceImpl -> sendImgCode, Cost: 7ms
2020-03-20 18:02:08  INFO --- [http-nio-80-exec-1] com.nebula.mooc.webserver.config.ControllerLog : Path: /sys/code/getImgCode, Method: GET, Cost: 7ms, Address: 0:0:0:0:0:0:0:1:21834
2020-03-20 18:02:08  INFO --- [http-nio-80-exec-6] com.nebula.mooc.webserver.config.ServiceLog : Service: CodeServiceImpl -> sendImgCode, Cost: 5ms
2020-03-20 18:02:08  INFO --- [http-nio-80-exec-6] com.nebula.mooc.webserver.config.ControllerLog : Path: /sys/code/getImgCode, Method: GET, Cost: 5ms, Address: 0:0:0:0:0:0:0:1:21834
2020-03-20 18:02:08  INFO --- [http-nio-80-exec-3] com.nebula.mooc.webserver.config.ServiceLog : Service: CodeServiceImpl -> sendImgCode, Cost: 5ms
2020-03-20 18:02:08  INFO --- [http-nio-80-exec-3] com.nebula.mooc.webserver.config.ControllerLog : Path: /sys/code/getImgCode, Method: GET, Cost: 5ms, Address: 0:0:0:0:0:0:0:1:21834
2020-03-20 18:02:09  INFO --- [http-nio-80-exec-4] com.nebula.mooc.webserver.config.ServiceLog : Service: CodeServiceImpl -> sendImgCode, Cost: 6ms
2020-03-20 18:02:09  INFO --- [http-nio-80-exec-4] com.nebula.mooc.webserver.config.ControllerLog : Path: /sys/code/getImgCode, Method: GET, Cost: 9ms, Address: 0:0:0:0:0:0:0:1:21834
2020-03-20 18:02:09  INFO --- [http-nio-80-exec-10] com.nebula.mooc.webserver.config.ServiceLog : Service: CodeServiceImpl -> sendImgCode, Cost: 6ms
2020-03-20 18:02:09  INFO --- [http-nio-80-exec-10] com.nebula.mooc.webserver.config.ControllerLog : Path: /sys/code/getImgCode, Method: GET, Cost: 6ms, Address: 0:0:0:0:0:0:0:1:21834
2020-03-20 18:02:09  INFO --- [http-nio-80-exec-9] com.nebula.mooc.webserver.config.ServiceLog : Service: CodeServiceImpl -> sendImgCode, Cost: 7ms
2020-03-20 18:02:09  INFO --- [http-nio-80-exec-9] com.nebula.mooc.webserver.config.ControllerLog : Path: /sys/code/getImgCode, Method: GET, Cost: 7ms, Address: 0:0:0:0:0:0:0:1:21834
2020-03-20 18:02:09  INFO --- [http-nio-80-exec-2] com.nebula.mooc.webserver.config.ServiceLog : Service: CodeServiceImpl -> sendImgCode, Cost: 7ms
2020-03-20 18:02:09  INFO --- [http-nio-80-exec-2] com.nebula.mooc.webserver.config.ControllerLog : Path: /sys/code/getImgCode, Method: GET, Cost: 8ms, Address: 0:0:0:0:0:0:0:1:21834
2020-03-20 18:02:09  INFO --- [http-nio-80-exec-7] com.nebula.mooc.webserver.config.ServiceLog : Service: CodeServiceImpl -> sendImgCode, Cost: 6ms
2020-03-20 18:02:09  INFO --- [http-nio-80-exec-7] com.nebula.mooc.webserver.config.ControllerLog : Path: /sys/code/getImgCode, Method: GET, Cost: 6ms, Address: 0:0:0:0:0:0:0:1:21834
2020-03-20 18:02:09  INFO --- [http-nio-80-exec-8] com.nebula.mooc.webserver.config.ServiceLog : Service: CodeServiceImpl -> sendImgCode, Cost: 6ms
2020-03-20 18:02:09  INFO --- [http-nio-80-exec-8] com.nebula.mooc.webserver.config.ControllerLog : Path: /sys/code/getImgCode, Method: GET, Cost: 7ms, Address: 0:0:0:0:0:0:0:1:21834
2020-03-20 18:02:10  INFO --- [http-nio-80-exec-5] com.nebula.mooc.webserver.config.ServiceLog : Service: CodeServiceImpl -> sendImgCode, Cost: 7ms
2020-03-20 18:02:10  INFO --- [http-nio-80-exec-5] com.nebula.mooc.webserver.config.ControllerLog : Path: /sys/code/getImgCode, Method: GET, Cost: 7ms, Address: 0:0:0:0:0:0:0:1:21834
2020-03-20 18:02:10  INFO --- [http-nio-80-exec-1] com.nebula.mooc.webserver.config.ServiceLog : Service: CodeServiceImpl -> sendImgCode, Cost: 7ms
2020-03-20 18:02:10  INFO --- [http-nio-80-exec-1] com.nebula.mooc.webserver.config.ControllerLog : Path: /sys/code/getImgCode, Method: GET, Cost: 7ms, Address: 0:0:0:0:0:0:0:1:21834
2020-03-20 18:02:10  INFO --- [http-nio-80-exec-6] com.nebula.mooc.webserver.config.ServiceLog : Service: CodeServiceImpl -> sendImgCode, Cost: 6ms
2020-03-20 18:02:10  INFO --- [http-nio-80-exec-6] com.nebula.mooc.webserver.config.ControllerLog : Path: /sys/code/getImgCode, Method: GET, Cost: 6ms, Address: 0:0:0:0:0:0:0:1:21834
2020-03-20 18:02:10  INFO --- [http-nio-80-exec-3] com.nebula.mooc.webserver.config.ServiceLog : Service: CodeServiceImpl -> sendImgCode, Cost: 8ms
2020-03-20 18:02:10  INFO --- [http-nio-80-exec-3] com.nebula.mooc.webserver.config.ControllerLog : Path: /sys/code/getImgCode, Method: GET, Cost: 8ms, Address: 0:0:0:0:0:0:0:1:21834
2020-03-20 18:02:10  INFO --- [http-nio-80-exec-4] com.nebula.mooc.webserver.config.ServiceLog : Service: CodeServiceImpl -> sendImgCode, Cost: 8ms
2020-03-20 18:02:10  INFO --- [http-nio-80-exec-4] com.nebula.mooc.webserver.config.ControllerLog : Path: /sys/code/getImgCode, Method: GET, Cost: 8ms, Address: 0:0:0:0:0:0:0:1:21834
2020-03-20 18:02:10  INFO --- [http-nio-80-exec-10] com.nebula.mooc.webserver.config.ServiceLog : Service: CodeServiceImpl -> sendImgCode, Cost: 8ms
2020-03-20 18:02:10  INFO --- [http-nio-80-exec-10] com.nebula.mooc.webserver.config.ControllerLog : Path: /sys/code/getImgCode, Method: GET, Cost: 8ms, Address: 0:0:0:0:0:0:0:1:21834
2020-03-20 18:02:11  INFO --- [http-nio-80-exec-9] com.nebula.mooc.webserver.config.ServiceLog : Service: CodeServiceImpl -> sendImgCode, Cost: 4ms
2020-03-20 18:02:11  INFO --- [http-nio-80-exec-9] com.nebula.mooc.webserver.config.ControllerLog : Path: /sys/code/getImgCode, Method: GET, Cost: 5ms, Address: 0:0:0:0:0:0:0:1:21834
2020-03-20 18:02:11  INFO --- [http-nio-80-exec-2] com.nebula.mooc.webserver.config.ServiceLog : Service: CodeServiceImpl -> sendImgCode, Cost: 5ms
2020-03-20 18:02:11  INFO --- [http-nio-80-exec-2] com.nebula.mooc.webserver.config.ControllerLog : Path: /sys/code/getImgCode, Method: GET, Cost: 5ms, Address: 0:0:0:0:0:0:0:1:21834
2020-03-20 18:02:11  INFO --- [http-nio-80-exec-7] com.nebula.mooc.webserver.config.ServiceLog : Service: CodeServiceImpl -> sendImgCode, Cost: 6ms
2020-03-20 18:02:11  INFO --- [http-nio-80-exec-7] com.nebula.mooc.webserver.config.ControllerLog : Path: /sys/code/getImgCode, Method: GET, Cost: 6ms, Address: 0:0:0:0:0:0:0:1:21834
2020-03-20 18:02:11  INFO --- [http-nio-80-exec-8] com.nebula.mooc.webserver.config.ServiceLog : Service: CodeServiceImpl -> sendImgCode, Cost: 6ms
2020-03-20 18:02:11  INFO --- [http-nio-80-exec-8] com.nebula.mooc.webserver.config.ControllerLog : Path: /sys/code/getImgCode, Method: GET, Cost: 6ms, Address: 0:0:0:0:0:0:0:1:21834
2020-03-20 18:02:11  INFO --- [http-nio-80-exec-5] com.nebula.mooc.webserver.config.ServiceLog : Service: CodeServiceImpl -> sendImgCode, Cost: 5ms
2020-03-20 18:02:11  INFO --- [http-nio-80-exec-5] com.nebula.mooc.webserver.config.ControllerLog : Path: /sys/code/getImgCode, Method: GET, Cost: 5ms, Address: 0:0:0:0:0:0:0:1:21834
2020-03-20 18:02:11  INFO --- [http-nio-80-exec-1] com.nebula.mooc.webserver.config.ServiceLog : Service: CodeServiceImpl -> sendImgCode, Cost: 5ms
2020-03-20 18:02:11  INFO --- [http-nio-80-exec-1] com.nebula.mooc.webserver.config.ControllerLog : Path: /sys/code/getImgCode, Method: GET, Cost: 5ms, Address: 0:0:0:0:0:0:0:1:21834
2020-03-20 18:02:12  INFO --- [http-nio-80-exec-6] com.nebula.mooc.webserver.config.ServiceLog : Service: CodeServiceImpl -> sendImgCode, Cost: 6ms
2020-03-20 18:02:12  INFO --- [http-nio-80-exec-6] com.nebula.mooc.webserver.config.ControllerLog : Path: /sys/code/getImgCode, Method: GET, Cost: 6ms, Address: 0:0:0:0:0:0:0:1:21834
2020-03-20 18:02:12  INFO --- [http-nio-80-exec-3] com.nebula.mooc.webserver.config.ServiceLog : Service: CodeServiceImpl -> sendImgCode, Cost: 4ms
2020-03-20 18:02:12  INFO --- [http-nio-80-exec-3] com.nebula.mooc.webserver.config.ControllerLog : Path: /sys/code/getImgCode, Method: GET, Cost: 4ms, Address: 0:0:0:0:0:0:0:1:21834
2020-03-20 18:02:12  INFO --- [http-nio-80-exec-4] com.nebula.mooc.webserver.config.ServiceLog : Service: CodeServiceImpl -> sendImgCode, Cost: 6ms
2020-03-20 18:02:12  INFO --- [http-nio-80-exec-4] com.nebula.mooc.webserver.config.ControllerLog : Path: /sys/code/getImgCode, Method: GET, Cost: 6ms, Address: 0:0:0:0:0:0:0:1:21834
2020-03-20 18:02:12  INFO --- [http-nio-80-exec-10] com.nebula.mooc.webserver.config.ServiceLog : Service: CodeServiceImpl -> sendImgCode, Cost: 7ms
2020-03-20 18:02:12  INFO --- [http-nio-80-exec-10] com.nebula.mooc.webserver.config.ControllerLog : Path: /sys/code/getImgCode, Method: GET, Cost: 7ms, Address: 0:0:0:0:0:0:0:1:21834
2020-03-20 18:02:12  INFO --- [http-nio-80-exec-9] com.nebula.mooc.webserver.config.ServiceLog : Service: CodeServiceImpl -> sendImgCode, Cost: 7ms
2020-03-20 18:02:12  INFO --- [http-nio-80-exec-9] com.nebula.mooc.webserver.config.ControllerLog : Path: /sys/code/getImgCode, Method: GET, Cost: 7ms, Address: 0:0:0:0:0:0:0:1:21834
2020-03-20 18:02:12  INFO --- [http-nio-80-exec-2] com.nebula.mooc.webserver.config.ServiceLog : Service: CodeServiceImpl -> sendImgCode, Cost: 7ms
2020-03-20 18:02:12  INFO --- [http-nio-80-exec-2] com.nebula.mooc.webserver.config.ControllerLog : Path: /sys/code/getImgCode, Method: GET, Cost: 7ms, Address: 0:0:0:0:0:0:0:1:21834
2020-03-20 18:02:12  INFO --- [http-nio-80-exec-7] com.nebula.mooc.webserver.config.ServiceLog : Service: CodeServiceImpl -> sendImgCode, Cost: 5ms
2020-03-20 18:02:12  INFO --- [http-nio-80-exec-7] com.nebula.mooc.webserver.config.ControllerLog : Path: /sys/code/getImgCode, Method: GET, Cost: 5ms, Address: 0:0:0:0:0:0:0:1:21834
2020-03-20 19:26:09 ERROR --- [http-nio-80-exec-1] org.apache.catalina.core.ContainerBase.[Tomcat].[localhost].[/].[dispatcherServlet] : Servlet.service() for servlet [dispatcherServlet] in context with path [] threw exception [Request processing failed; nested exception is org.springframework.data.redis.connection.PoolException: Could not get a resource from the pool; nested exception is io.lettuce.core.RedisConnectionException: Unable to connect to 127.0.0.1:6379] with root cause
java.net.ConnectException: Connection refused: no further information
	at java.base/sun.nio.ch.SocketChannelImpl.checkConnect(Native Method)
	at java.base/sun.nio.ch.SocketChannelImpl.finishConnect(SocketChannelImpl.java:779)
	at io.netty.channel.socket.nio.NioSocketChannel.doFinishConnect(NioSocketChannel.java:327)
	at io.netty.channel.nio.AbstractNioChannel$AbstractNioUnsafe.finishConnect(AbstractNioChannel.java:340)
	at io.netty.channel.nio.NioEventLoop.processSelectedKey(NioEventLoop.java:665)
	at io.netty.channel.nio.NioEventLoop.processSelectedKeysOptimized(NioEventLoop.java:612)
	at io.netty.channel.nio.NioEventLoop.processSelectedKeys(NioEventLoop.java:529)
	at io.netty.channel.nio.NioEventLoop.run(NioEventLoop.java:491)
	at io.netty.util.concurrent.SingleThreadEventExecutor$5.run(SingleThreadEventExecutor.java:905)
	at io.netty.util.concurrent.FastThreadLocalRunnable.run(FastThreadLocalRunnable.java:30)
	at java.base/java.lang.Thread.run(Thread.java:834)
2020-03-20 19:26:09  INFO --- [http-nio-80-exec-1] com.nebula.mooc.webserver.config.ControllerLog : Path: /error, Method: GET, Cost: 0ms, Address: 0:0:0:0:0:0:0:1:25855
2020-03-20 19:26:09  INFO --- [http-nio-80-exec-10] com.nebula.mooc.webserver.config.ControllerLog : Path: /error, Method: GET, Cost: 0ms, Address: 0:0:0:0:0:0:0:1:25863
2020-03-20 19:26:09  INFO --- [http-nio-80-exec-9] com.nebula.mooc.webserver.config.ControllerLog : Path: /error, Method: GET, Cost: 0ms, Address: 0:0:0:0:0:0:0:1:25864
2020-03-20 19:26:09  INFO --- [http-nio-80-exec-1] com.nebula.mooc.webserver.config.ControllerLog : Path: /error, Method: GET, Cost: 1ms, Address: 0:0:0:0:0:0:0:1:25866
2020-03-20 19:26:09  INFO --- [http-nio-80-exec-7] com.nebula.mooc.webserver.config.ControllerLog : Path: /error, Method: GET, Cost: 2ms, Address: 0:0:0:0:0:0:0:1:25863
2020-03-20 19:26:09  INFO --- [http-nio-80-exec-8] com.nebula.mooc.webserver.config.ControllerLog : Path: /error, Method: GET, Cost: 0ms, Address: 0:0:0:0:0:0:0:1:25862
2020-03-20 19:26:09  INFO --- [http-nio-80-exec-2] com.nebula.mooc.webserver.config.ControllerLog : Path: /error, Method: GET, Cost: 0ms, Address: 0:0:0:0:0:0:0:1:25864
2020-03-20 19:26:09  INFO --- [http-nio-80-exec-5] com.nebula.mooc.webserver.config.ControllerLog : Path: /error, Method: GET, Cost: 0ms, Address: 0:0:0:0:0:0:0:1:25865
2020-03-20 19:26:09  INFO --- [http-nio-80-exec-3] com.nebula.mooc.webserver.config.ControllerLog : Path: /error, Method: GET, Cost: 0ms, Address: 0:0:0:0:0:0:0:1:25865
2020-03-20 19:26:09  INFO --- [http-nio-80-exec-4] com.nebula.mooc.webserver.config.ControllerLog : Path: /error, Method: GET, Cost: 0ms, Address: 0:0:0:0:0:0:0:1:25865
2020-03-20 19:26:09  INFO --- [http-nio-80-exec-10] com.nebula.mooc.webserver.config.ControllerLog : Path: /error, Method: GET, Cost: 0ms, Address: 0:0:0:0:0:0:0:1:25865
2020-03-20 19:26:09  INFO --- [http-nio-80-exec-9] com.nebula.mooc.webserver.config.ControllerLog : Path: /error, Method: GET, Cost: 0ms, Address: 0:0:0:0:0:0:0:1:25865
2020-03-20 19:26:09  INFO --- [http-nio-80-exec-1] com.nebula.mooc.webserver.config.ControllerLog : Path: /error, Method: GET, Cost: 1ms, Address: 0:0:0:0:0:0:0:1:25865
2020-03-20 19:26:09  INFO --- [http-nio-80-exec-7] com.nebula.mooc.webserver.config.ControllerLog : Path: /error, Method: POST, Cost: 0ms, Address: 0:0:0:0:0:0:0:1:25865
2020-03-20 19:26:11 ERROR --- [http-nio-80-exec-6] org.apache.catalina.core.ContainerBase.[Tomcat].[localhost].[/].[dispatcherServlet] : Servlet.service() for servlet [dispatcherServlet] in context with path [] threw exception [Request processing failed; nested exception is org.springframework.data.redis.connection.PoolException: Could not get a resource from the pool; nested exception is io.lettuce.core.RedisConnectionException: Unable to connect to 127.0.0.1:6379] with root cause
java.net.ConnectException: Connection refused: no further information
	at java.base/sun.nio.ch.SocketChannelImpl.checkConnect(Native Method)
	at java.base/sun.nio.ch.SocketChannelImpl.finishConnect(SocketChannelImpl.java:779)
	at io.netty.channel.socket.nio.NioSocketChannel.doFinishConnect(NioSocketChannel.java:327)
	at io.netty.channel.nio.AbstractNioChannel$AbstractNioUnsafe.finishConnect(AbstractNioChannel.java:340)
	at io.netty.channel.nio.NioEventLoop.processSelectedKey(NioEventLoop.java:665)
	at io.netty.channel.nio.NioEventLoop.processSelectedKeysOptimized(NioEventLoop.java:612)
	at io.netty.channel.nio.NioEventLoop.processSelectedKeys(NioEventLoop.java:529)
	at io.netty.channel.nio.NioEventLoop.run(NioEventLoop.java:491)
	at io.netty.util.concurrent.SingleThreadEventExecutor$5.run(SingleThreadEventExecutor.java:905)
	at io.netty.util.concurrent.FastThreadLocalRunnable.run(FastThreadLocalRunnable.java:30)
	at java.base/java.lang.Thread.run(Thread.java:834)
2020-03-20 19:26:11  INFO --- [http-nio-80-exec-6] com.nebula.mooc.webserver.config.ControllerLog : Path: /error, Method: GET, Cost: 0ms, Address: 0:0:0:0:0:0:0:1:25856
2020-03-20 19:26:11  INFO --- [http-nio-80-exec-2] com.nebula.mooc.webserver.config.ServiceLog : Service: CodeServiceImpl -> sendImgCode, Cost: 19ms
2020-03-20 19:26:11  INFO --- [http-nio-80-exec-2] com.nebula.mooc.webserver.config.ControllerLog : Path: /sys/code/getImgCode, Method: GET, Cost: 21ms, Address: 0:0:0:0:0:0:0:1:25865
2020-03-20 19:26:14  INFO --- [http-nio-80-exec-5] com.nebula.mooc.webserver.config.ControllerLog : Path: /error, Method: POST, Cost: 0ms, Address: 0:0:0:0:0:0:0:1:25865
2020-03-20 19:26:16  INFO --- [http-nio-80-exec-8] com.nebula.mooc.webserver.config.ServiceLog : Service: CodeServiceImpl -> sendImgCode, Cost: 17ms
2020-03-20 19:26:16  INFO --- [http-nio-80-exec-8] com.nebula.mooc.webserver.config.ControllerLog : Path: /sys/code/getImgCode, Method: GET, Cost: 18ms, Address: 0:0:0:0:0:0:0:1:25865
2020-03-20 19:26:17  INFO --- [http-nio-80-exec-3] com.nebula.mooc.webserver.config.ControllerLog : Path: /error, Method: POST, Cost: 0ms, Address: 0:0:0:0:0:0:0:1:25865
2020-03-20 19:26:19  INFO --- [http-nio-80-exec-4] com.nebula.mooc.webserver.config.ServiceLog : Service: CodeServiceImpl -> sendImgCode, Cost: 15ms
2020-03-20 19:26:19  INFO --- [http-nio-80-exec-4] com.nebula.mooc.webserver.config.ControllerLog : Path: /sys/code/getImgCode, Method: GET, Cost: 15ms, Address: 0:0:0:0:0:0:0:1:25865
2020-03-20 19:26:21  INFO --- [http-nio-80-exec-10] com.nebula.mooc.webserver.config.ControllerLog : Path: /error, Method: POST, Cost: 0ms, Address: 0:0:0:0:0:0:0:1:25865
2020-03-20 19:26:23  INFO --- [http-nio-80-exec-9] com.nebula.mooc.webserver.config.ServiceLog : Service: CodeServiceImpl -> sendImgCode, Cost: 11ms
2020-03-20 19:26:23  INFO --- [http-nio-80-exec-9] com.nebula.mooc.webserver.config.ControllerLog : Path: /sys/code/getImgCode, Method: GET, Cost: 11ms, Address: 0:0:0:0:0:0:0:1:25865
